<?xml version="1.0" encoding="UTF-8"?>
<testsuite xmlns:xsi="http://www.w3.org/2001/XMLSchema-instance" xsi:noNamespaceSchemaLocation="https://maven.apache.org/surefire/maven-surefire-plugin/xsd/surefire-test-report.xsd" name="com.krose.io.InputTest" time="1.494" tests="8" errors="0" skipped="0" failures="0">
  <properties>
[...]
</properties>
  <testcase name="testGetInteger" classname="com.krose.io.InputTest" time="1.26"/>
  <testcase name="testGetBooleanFailed" classname="com.krose.io.InputTest" time="0.003"/>
  <testcase name="testGetBoolean" classname="com.krose.io.InputTest" time="0.005"/>
  <testcase name="testGetIntegerFailed" classname="com.krose.io.InputTest" time="0.002"/>
  <testcase name="testGetDouble" classname="com.krose.io.InputTest" time="0.002"/>
  <testcase name="testGetStringFailed" classname="com.krose.io.InputTest" time="0.001"/>
  <testcase name="testGetString" classname="com.krose.io.InputTest" time="0.001"/>
  <testcase name="testGetDoubleFailed" classname="com.krose.io.InputTest" time="0.001"/>
</testsuite>